<?xml version="1.0" encoding="UTF-8" ?>
<testsuite failures="0" time="0.019" errors="0" skipped="0" tests="1" name="es.bitsonfire.AppTest">
  <properties>
    <property name="java.vendor" value="Sun Microsystems Inc."/>
    <property name="localRepository" value="C:\Users\Media Markt\.m2\repository"/>
    <property name="sun.java.launcher" value="SUN_STANDARD"/>
    <property name="env.TRACE_FORMAT_SEARCH_PATH" value="\\NTREL202.ntdev.corp.microsoft.com\4F18C3A5-CA09-4DBD-B6FC-219FDD4C6BE0\TraceFormat"/>
    <property name="sun.management.compiler" value="HotSpot Client Compiler"/>
    <property name="env.PROMPT" value="$P$G"/>
    <property name="os.name" value="Windows Vista"/>
    <property name="env.FP_NO_HOST_CHECK" value="NO"/>
    <property name="sun.boot.class.path" value="C:\Program Files\Java\jdk1.6.0_11\jre\lib\resources.jar;C:\Program Files\Java\jdk1.6.0_11\jre\lib\rt.jar;C:\Program Files\Java\jdk1.6.0_11\jre\lib\sunrsasign.jar;C:\Program Files\Java\jdk1.6.0_11\jre\lib\jsse.jar;C:\Program Files\Java\jdk1.6.0_11\jre\lib\jce.jar;C:\Program Files\Java\jdk1.6.0_11\jre\lib\charsets.jar;C:\Program Files\Java\jdk1.6.0_11\jre\classes"/>
    <property name="env.COMPUTERNAME" value="HPMIKI"/>
    <property name="env.ALLUSERSPROFILE" value="C:\ProgramData"/>
    <property name="sun.desktop" value="windows"/>
    <property name="java.vm.specification.vendor" value="Sun Microsystems Inc."/>
    <property name="java.runtime.version" value="1.6.0_11-b03"/>
    <property name="env.HOMEPATH" value="\Users\Media Markt"/>
    <property name="user.name" value="Media Markt"/>
    <property name="nb.show.statistics.ui" value="usageStatisticsEnabled"/>
    <property name="user.language" value="es"/>
    <property name="sun.boot.library.path" value="C:\Program Files\Java\jdk1.6.0_11\jre\bin"/>
    <property name="java.version" value="1.6.0_11"/>
    <property name="env.PROCESSOR_IDENTIFIER" value="x86 Family 6 Model 23 Stepping 6, GenuineIntel"/>
    <property name="env.OnlineServices" value="Online Services"/>
    <property name="user.timezone" value="Europe/Paris"/>
    <property name="env.TEMP" value="C:\Users\MEDIAM~1\AppData\Local\Temp"/>
    <property name="sun.arch.data.model" value="32"/>
    <property name="http.nonProxyHosts" value="localhost|127.0.0.1|HPMiki"/>
    <property name="java.endorsed.dirs" value="C:\Program Files\Java\jdk1.6.0_11\jre\lib\endorsed"/>
    <property name="sun.cpu.isalist" value="pentium_pro+mmx pentium_pro pentium+mmx pentium i486 i386 i86"/>
    <property name="env.HOMEDRIVE" value="C:"/>
    <property name="sun.jnu.encoding" value="Cp1252"/>
    <property name="file.encoding.pkg" value="sun.io"/>
    <property name="file.separator" value="\"/>
    <property name="java.specification.name" value="Java Platform API Specification"/>
    <property name="java.class.version" value="50.0"/>
    <property name="user.country" value="ES"/>
    <property name="java.home" value="C:\Program Files\Java\jdk1.6.0_11\jre"/>
    <property name="env.APPDATA" value="C:\Users\Media Markt\AppData\Roaming"/>
    <property name="env.PUBLIC" value="C:\Users\Public"/>
    <property name="java.vm.info" value="mixed mode, sharing"/>
    <property name="env.ComSpec" value="C:\Windows\system32\cmd.exe"/>
    <property name="env.OS" value="Windows_NT"/>
    <property name="env.CommonProgramFiles" value="C:\Program Files\Common Files"/>
    <property name="os.version" value="6.0"/>
    <property name="netbeans.system_http_proxy" value="DIRECT"/>
    <property name="https.nonProxyHosts" value="localhost|127.0.0.1|HPMiki"/>
    <property name="sun.awt.keepWorkingSetOnMinimize" value="true"/>
    <property name="path.separator" value=";"/>
    <property name="java.vm.version" value="11.0-b16"/>
    <property name="env.USERPROFILE" value="C:\Users\Media Markt"/>
    <property name="user.variant" value=""/>
    <property name="env.JAVA_HOME" value="C:\Program Files\Java\jdk1.6.0_11"/>
    <property name="java.awt.printerjob" value="sun.awt.windows.WPrinterJob"/>
    <property name="env.TMP" value="C:\Users\MEDIAM~1\AppData\Local\Temp"/>
    <property name="sun.io.unicode.encoding" value="UnicodeLittle"/>
    <property name="awt.toolkit" value="sun.awt.windows.WToolkit"/>
    <property name="useJavaUtilZip" value="true"/>
    <property name="user.home" value="C:\Users\Media Markt"/>
    <property name="env.ProgramData" value="C:\ProgramData"/>
    <property name="env.SESSIONNAME" value="Console"/>
    <property name="java.specification.vendor" value="Sun Microsystems Inc."/>
    <property name="apple.laf.useScreenMenuBar" value="true"/>
    <property name="org.xml.sax.driver" value="com.sun.org.apache.xerces.internal.jaxp.SAXParserImpl$JAXPSAXParser"/>
    <property name="env.NUMBER_OF_PROCESSORS" value="2"/>
    <property name="java.library.path" value="C:\Program Files\Java\jdk1.6.0_11\jre\bin;.;C:\Windows\Sun\Java\bin;C:\Windows\system32;C:\Windows;C:\Program Files\Nokia\PC Connectivity Solution\;C:\Windows\system32;C:\Windows;C:\Windows\System32\Wbem;C:\Program Files\CyberLink\Power2Go;C:\Program Files\ESTsoft\ALZip;c:\Program Files\Common Files\Adobe\AGL;c:\Program Files\Java\jdk1.6.0_11\bin;C:\Program Files\TortoiseSVN\bin;C:\Program Files\SlikSvn\bin\;C:\Program Files\ESTsoft\ALZip;C:\Ids_Programacion\apache-maven-2.1.0\bin;C:\Ids_Programacion\apache-maven-2.1.0"/>
    <property name="java.vendor.url" value="http://java.sun.com/"/>
    <property name="java.vm.vendor" value="Sun Microsystems Inc."/>
    <property name="java.runtime.name" value="Java(TM) SE Runtime Environment"/>
    <property name="java.class.path" value="C:\Users\Media Markt\.netbeans\6.5\lib\jfluid-server-15.jar;C:\Users\Media Markt\.netbeans\6.5\lib\jfluid-server-cvm.jar;C:\Users\Media Markt\.netbeans\6.5\lib\jfluid-server.jar;C:\Users\Media Markt\.netbeans\6.5\lib\locale\jfluid-server_ja.jar;C:\Users\Media Markt\.netbeans\6.5\lib\locale\jfluid-server_pt_BR.jar;C:\Users\Media Markt\.netbeans\6.5\lib\locale\jfluid-server_zh_CN.jar;C:\Program Files\NetBeans 6.5\platform9\lib\boot.jar;C:\Program Files\NetBeans 6.5\platform9\lib\org-openide-modules.jar;C:\Program Files\NetBeans 6.5\platform9\lib\org-openide-util.jar;C:\Program Files\Java\jdk1.6.0_11\lib\dt.jar;C:\Program Files\Java\jdk1.6.0_11\lib\tools.jar"/>
    <property name="env.PCBRAND" value="Pavilion"/>
    <property name="env.DFSTRACINGON" value="FALSE"/>
    <property name="sun.java2d.noddraw" value="true"/>
    <property name="java.vm.specification.name" value="Java Virtual Machine Specification"/>
    <property name="jdk.home" value="C:\Program Files\Java\jdk1.6.0_11"/>
    <property name="env.windir" value="C:\Windows"/>
    <property name="env.LOGONSERVER" value="\\HPMIKI"/>
    <property name="org.openide.specification.version" value="6.2"/>
    <property name="java.vm.specification.version" value="1.0"/>
    <property name="env.PROCESSOR_ARCHITECTURE" value="x86"/>
    <property name="sun.os.patch.level" value="Service Pack 1"/>
    <property name="sun.cpu.endian" value="little"/>
    <property name="env.ProgramFiles" value="C:\Program Files"/>
    <property name="surefire.test.class.path" value="C:\Users\Media Markt\Documents\perfectday\perfectdaygame\PerfectDay_Client\target\test-classes;C:\Users\Media Markt\Documents\perfectday\perfectdaygame\PerfectDay_Client\target\classes;C:\Users\Media Markt\.m2\repository\junit\junit\3.8.1\junit-3.8.1.jar;C:\Users\Media Markt\.m2\repository\smack\smack\3.0.4\smack-3.0.4.jar;C:\Users\Media Markt\.m2\repository\log4j\log4j\1.2.12\log4j-1.2.12.jar;C:\Users\Media Markt\.m2\repository\com\thoughtworks\xstream\xstream\1.3\xstream-1.3.jar;C:\Users\Media Markt\.m2\repository\xpp3\xpp3_min\1.1.4c\xpp3_min-1.1.4c.jar;"/>
    <property name="java.io.tmpdir" value="C:\Users\MEDIAM~1\AppData\Local\Temp\"/>
    <property name="env.PROCESSOR_REVISION" value="1706"/>
    <property name="java.vendor.url.bug" value="http://java.sun.com/cgi-bin/bugreport.cgi"/>
    <property name="env.SystemRoot" value="C:\Windows"/>
    <property name="java.awt.graphicsenv" value="sun.awt.Win32GraphicsEnvironment"/>
    <property name="os.arch" value="x86"/>
    <property name="java.ext.dirs" value="C:\Program Files\Java\jdk1.6.0_11\jre\lib\ext;C:\Windows\Sun\Java\lib\ext"/>
    <property name="user.dir" value="C:\Users\Media Markt\Documents\perfectday\perfectdaygame\PerfectDay_Client"/>
    <property name="env.LOCALAPPDATA" value="C:\Users\Media Markt\AppData\Local"/>
    <property name="line.separator" value="
"/>
    <property name="java.vm.name" value="Java HotSpot(TM) Client VM"/>
    <property name="env.PATHEXT" value=".COM;.EXE;.BAT;.CMD;.VBS;.VBE;.JS;.JSE;.WSF;.WSH;.MSC"/>
    <property name="env.Path" value="C:\Program Files\Nokia\PC Connectivity Solution\;C:\Windows\system32;C:\Windows;C:\Windows\System32\Wbem;C:\Program Files\CyberLink\Power2Go;C:\Program Files\ESTsoft\ALZip;c:\Program Files\Common Files\Adobe\AGL;c:\Program Files\Java\jdk1.6.0_11\bin;C:\Program Files\TortoiseSVN\bin;C:\Program Files\SlikSvn\bin\;C:\Program Files\ESTsoft\ALZip;C:\Ids_Programacion\apache-maven-2.1.0\bin;C:\Ids_Programacion\apache-maven-2.1.0"/>
    <property name="org.openide.awt.SwingBrowserImpl.do-not-block-awt" value="false"/>
    <property name="basedir" value="C:\Users\Media Markt\Documents\perfectday\perfectdaygame\PerfectDay_Client"/>
    <property name="maven.mode.standalone" value="true"/>
    <property name="env.USERNAME" value="Media Markt"/>
    <property name="env.SystemDrive" value="C:"/>
    <property name="file.encoding" value="Cp1252"/>
    <property name="netbeans.execution" value="true"/>
    <property name="netbeans.system_http_non_proxy_hosts" value=""/>
    <property name="env.USERDOMAIN" value="HPMIKI"/>
    <property name="java.specification.version" value="1.6"/>
    <property name="env.Platform" value="MCD"/>
    <property name="env.PROCESSOR_LEVEL" value="6"/>
  </properties>
  <testcase time="0.002" classname="es.bitsonfire.AppTest" name="testApp"/>
</testsuite>